<?xml version="1.0" encoding="UTF-8"?>
<testsuite xmlns:xsi="http://www.w3.org/2001/XMLSchema-instance" xsi:noNamespaceSchemaLocation="https://maven.apache.org/surefire/maven-surefire-plugin/xsd/surefire-test-report.xsd" name="com.demo.projectD.ProjectDApplicationTests" time="0.128" tests="1" errors="1" skipped="0" failures="0">
  <properties>
[...]
</properties>
  <testcase name="com.demo.projectD.ProjectDApplicationTests" classname="com.demo.projectD.ProjectDApplicationTests" time="0.123">
    <error message="&apos;java.lang.ClassLoader ch.qos.logback.core.util.Loader.systemClassloaderIfNull(java.lang.ClassLoader)&apos;" type="java.lang.NoSuchMethodError">java.lang.NoSuchMethodError: 'java.lang.ClassLoader ch.qos.logback.core.util.Loader.systemClassloaderIfNull(java.lang.ClassLoader)'
</error>
  </testcase>
</testsuite>